

Started GET "/" for 127.0.0.1 at 2011-08-21 12:39:03 +0400
  Processing by IndexController#index as HTML
Rendered index/index.html.haml within layouts/application (49.6ms)
Completed 200 OK in 55ms (Views: 54.5ms | ActiveRecord: 0.0ms)


Started GET "/" for 127.0.0.1 at 2011-08-21 13:07:55 +0400
  Processing by IndexController#index as HTML
Rendered index/index.html.haml within layouts/application (14.2ms)
Completed 200 OK in 22ms (Views: 20.9ms | ActiveRecord: 0.0ms)


Started GET "/" for 127.0.0.1 at 2011-08-21 13:07:57 +0400
  Processing by IndexController#index as HTML
Rendered index/index.html.haml within layouts/application (14.6ms)
Completed 200 OK in 20ms (Views: 19.7ms | ActiveRecord: 0.0ms)


Started GET "/" for 127.0.0.1 at 2011-08-21 13:07:57 +0400
  Processing by IndexController#index as HTML
Rendered index/index.html.haml within layouts/application (13.5ms)
Completed 200 OK in 18ms (Views: 18.0ms | ActiveRecord: 0.0ms)


Started GET "/" for 127.0.0.1 at 2011-08-21 13:23:17 +0400
  Processing by IndexController#index as HTML
Rendered index/index.html.haml within layouts/application (13.3ms)
Completed 200 OK in 18ms (Views: 18.0ms | ActiveRecord: 0.0ms)


Started GET "/" for 127.0.0.1 at 2011-08-21 14:07:44 +0400
  Processing by IndexController#index as HTML
Rendered index/index.html.haml within layouts/application (40.2ms)
Completed 200 OK in 46ms (Views: 45.4ms | ActiveRecord: 0.0ms)


Started GET "/" for 127.0.0.1 at 2011-08-21 14:09:37 +0400
  Processing by IndexController#index as HTML
Rendered index/index.html.haml within layouts/application (23.3ms)
Completed 200 OK in 30ms (Views: 29.4ms | ActiveRecord: 0.0ms)


Started GET "/" for 127.0.0.1 at 2011-08-21 14:09:37 +0400
  Processing by IndexController#index as HTML
Rendered index/index.html.haml within layouts/application (63.7ms)
Completed 200 OK in 71ms (Views: 69.2ms | ActiveRecord: 0.0ms)


Started GET "/" for 127.0.0.1 at 2011-08-21 14:11:55 +0400
  Processing by IndexController#index as HTML
Rendered index/index.html.haml within layouts/application (14.8ms)
Completed 200 OK in 23ms (Views: 22.5ms | ActiveRecord: 0.0ms)


Started GET "/" for 127.0.0.1 at 2011-08-21 14:11:55 +0400
  Processing by IndexController#index as HTML
Rendered index/index.html.haml within layouts/application (30.3ms)
Completed 200 OK in 39ms (Views: 38.8ms | ActiveRecord: 0.0ms)


Started GET "/" for 127.0.0.1 at 2011-08-21 14:15:25 +0400
  Processing by IndexController#index as HTML
Rendered index/index.html.haml within layouts/application (20.6ms)
Completed 200 OK in 28ms (Views: 28.0ms | ActiveRecord: 0.0ms)


Started GET "/" for 127.0.0.1 at 2011-08-21 14:15:25 +0400
  Processing by IndexController#index as HTML
Rendered index/index.html.haml within layouts/application (21.6ms)
Completed 200 OK in 29ms (Views: 28.1ms | ActiveRecord: 0.0ms)


Started GET "/" for 127.0.0.1 at 2011-08-21 14:22:28 +0400
  Processing by IndexController#index as HTML
Rendered index/index.html.haml within layouts/application (17.1ms)
Completed 200 OK in 23ms (Views: 22.9ms | ActiveRecord: 0.0ms)


Started GET "/" for 127.0.0.1 at 2011-08-21 16:03:45 +0400
  Processing by IndexController#index as HTML
Rendered index/index.html.haml within layouts/application (50.5ms)
Completed 200 OK in 57ms (Views: 56.3ms | ActiveRecord: 0.0ms)


Started GET "/" for 127.0.0.1 at 2011-08-21 16:03:54 +0400
  Processing by IndexController#index as HTML
Rendered index/index.html.haml within layouts/application (17.9ms)
Completed 200 OK in 24ms (Views: 24.0ms | ActiveRecord: 0.0ms)


Started GET "/" for 127.0.0.1 at 2011-08-21 16:04:21 +0400
  Processing by IndexController#index as HTML
Rendered index/index.html.haml within layouts/application (15.2ms)
Completed 200 OK in 23ms (Views: 22.1ms | ActiveRecord: 0.0ms)


Started GET "/" for 127.0.0.1 at 2011-08-21 17:15:05 +0400
  Processing by IndexController#index as HTML
Rendered index/index.html.haml within layouts/application (42.4ms)
Completed 200 OK in 52ms (Views: 51.4ms | ActiveRecord: 0.0ms)


Started GET "/" for 127.0.0.1 at 2011-08-21 17:25:45 +0400
  Processing by IndexController#index as HTML
Rendered index/index.html.haml within layouts/application (15.0ms)
Completed 200 OK in 21ms (Views: 20.4ms | ActiveRecord: 0.0ms)


Started GET "/javascripts/sheet//definitions/OperationManager.js?bust=1313933147058" for 127.0.0.1 at 2011-08-21 17:25:47 +0400

ActionController::RoutingError (No route matches "/javascripts/sheet/definitions/OperationManager.js"):
  

Rendered /home/panferov/.rvm/gems/ruby-1.9.2-p290/gems/actionpack-3.0.6/lib/action_dispatch/middleware/templates/rescues/routing_error.erb within rescues/layout (58.5ms)


Started GET "/" for 127.0.0.1 at 2011-08-21 17:26:06 +0400
  Processing by IndexController#index as HTML
Rendered index/index.html.haml within layouts/application (26.9ms)
Completed 200 OK in 37ms (Views: 36.3ms | ActiveRecord: 0.0ms)


Started GET "/" for 127.0.0.1 at 2011-08-21 17:26:06 +0400
  Processing by IndexController#index as HTML
Rendered index/index.html.haml within layouts/application (16.9ms)
Completed 200 OK in 24ms (Views: 23.4ms | ActiveRecord: 0.0ms)


Started GET "/" for 127.0.0.1 at 2011-08-21 17:26:20 +0400
  Processing by IndexController#index as HTML
Rendered index/index.html.haml within layouts/application (43.2ms)
Completed 200 OK in 50ms (Views: 49.2ms | ActiveRecord: 0.0ms)


Started GET "/" for 127.0.0.1 at 2011-08-21 17:28:16 +0400
  Processing by IndexController#index as HTML
Rendered index/index.html.haml within layouts/application (15.6ms)
Completed 200 OK in 22ms (Views: 21.2ms | ActiveRecord: 0.0ms)


Started GET "/" for 127.0.0.1 at 2011-08-21 17:28:16 +0400
  Processing by IndexController#index as HTML
Rendered index/index.html.haml within layouts/application (15.3ms)
Completed 200 OK in 23ms (Views: 22.3ms | ActiveRecord: 0.0ms)


Started GET "/" for 127.0.0.1 at 2011-08-21 17:29:21 +0400
  Processing by IndexController#index as HTML
Rendered index/index.html.haml within layouts/application (15.3ms)
Completed 200 OK in 21ms (Views: 20.8ms | ActiveRecord: 0.0ms)


Started GET "/" for 127.0.0.1 at 2011-08-21 18:04:00 +0400
  Processing by IndexController#index as HTML
Rendered index/index.html.haml within layouts/application (57.0ms)
Completed 200 OK in 66ms (Views: 64.9ms | ActiveRecord: 0.0ms)


Started GET "/" for 127.0.0.1 at 2011-08-21 18:05:25 +0400
  Processing by IndexController#index as HTML
Rendered index/index.html.haml within layouts/application (16.1ms)
Completed 200 OK in 26ms (Views: 24.8ms | ActiveRecord: 0.0ms)


Started GET "/" for 127.0.0.1 at 2011-08-21 18:06:11 +0400
  Processing by IndexController#index as HTML
Rendered index/index.html.haml within layouts/application (14.6ms)
Completed 200 OK in 20ms (Views: 19.8ms | ActiveRecord: 0.0ms)


Started GET "/" for 127.0.0.1 at 2011-08-21 18:06:30 +0400
  Processing by IndexController#index as HTML
Rendered index/index.html.haml within layouts/application (15.1ms)
Completed 200 OK in 21ms (Views: 20.3ms | ActiveRecord: 0.0ms)


Started GET "/" for 127.0.0.1 at 2011-08-21 18:09:49 +0400
  Processing by IndexController#index as HTML
Rendered index/index.html.haml within layouts/application (14.9ms)
Completed 200 OK in 21ms (Views: 20.3ms | ActiveRecord: 0.0ms)


Started GET "/" for 127.0.0.1 at 2011-08-21 18:09:49 +0400
  Processing by IndexController#index as HTML
Rendered index/index.html.haml within layouts/application (18.6ms)
Completed 200 OK in 26ms (Views: 25.5ms | ActiveRecord: 0.0ms)


Started GET "/" for 127.0.0.1 at 2011-08-21 18:11:43 +0400
  Processing by IndexController#index as HTML
Rendered index/index.html.haml within layouts/application (13.7ms)
Completed 200 OK in 19ms (Views: 18.5ms | ActiveRecord: 0.0ms)


Started GET "/" for 127.0.0.1 at 2011-08-21 18:12:36 +0400
  Processing by IndexController#index as HTML
Rendered index/index.html.haml within layouts/application (47.0ms)
Completed 200 OK in 52ms (Views: 51.9ms | ActiveRecord: 0.0ms)


Started GET "/" for 127.0.0.1 at 2011-08-21 18:12:43 +0400
  Processing by IndexController#index as HTML
Rendered index/index.html.haml within layouts/application (13.5ms)
Completed 200 OK in 19ms (Views: 19.0ms | ActiveRecord: 0.0ms)


Started GET "/" for 127.0.0.1 at 2011-08-21 18:13:00 +0400
  Processing by IndexController#index as HTML
Rendered index/index.html.haml within layouts/application (14.0ms)
Completed 200 OK in 20ms (Views: 19.2ms | ActiveRecord: 0.0ms)


Started GET "/" for 127.0.0.1 at 2011-08-21 18:14:34 +0400
  Processing by IndexController#index as HTML
Rendered index/index.html.haml within layouts/application (14.0ms)
Completed 200 OK in 20ms (Views: 19.3ms | ActiveRecord: 0.0ms)


Started GET "/" for 127.0.0.1 at 2011-08-21 18:16:17 +0400
  Processing by IndexController#index as HTML
Rendered index/index.html.haml within layouts/application (16.0ms)
Completed 200 OK in 24ms (Views: 21.7ms | ActiveRecord: 0.0ms)


Started GET "/" for 127.0.0.1 at 2011-08-21 18:16:17 +0400
  Processing by IndexController#index as HTML
Rendered index/index.html.haml within layouts/application (18.8ms)
Completed 200 OK in 26ms (Views: 25.0ms | ActiveRecord: 0.0ms)


Started GET "/" for 127.0.0.1 at 2011-08-21 18:16:21 +0400
  Processing by IndexController#index as HTML
Rendered index/index.html.haml within layouts/application (14.2ms)
Completed 200 OK in 20ms (Views: 19.3ms | ActiveRecord: 0.0ms)


Started GET "/" for 127.0.0.1 at 2011-08-21 18:17:21 +0400
  Processing by IndexController#index as HTML
Rendered index/index.html.haml within layouts/application (13.3ms)
Completed 200 OK in 19ms (Views: 18.4ms | ActiveRecord: 0.0ms)


Started GET "/" for 127.0.0.1 at 2011-08-21 18:18:25 +0400
  Processing by IndexController#index as HTML
Rendered index/index.html.haml within layouts/application (97.3ms)
Completed 200 OK in 103ms (Views: 102.1ms | ActiveRecord: 0.0ms)


Started GET "/" for 127.0.0.1 at 2011-08-21 18:18:49 +0400
  Processing by IndexController#index as HTML
Rendered index/index.html.haml within layouts/application (13.7ms)
Completed 200 OK in 19ms (Views: 18.8ms | ActiveRecord: 0.0ms)


Started GET "/" for 127.0.0.1 at 2011-08-21 18:19:12 +0400
  Processing by IndexController#index as HTML
Rendered index/index.html.haml within layouts/application (13.4ms)
Completed 200 OK in 18ms (Views: 17.9ms | ActiveRecord: 0.0ms)


Started GET "/" for 127.0.0.1 at 2011-08-21 18:19:46 +0400
  Processing by IndexController#index as HTML
Rendered index/index.html.haml within layouts/application (15.1ms)
Completed 200 OK in 21ms (Views: 20.4ms | ActiveRecord: 0.0ms)


Started GET "/" for 127.0.0.1 at 2011-08-21 18:20:14 +0400
  Processing by IndexController#index as HTML
Rendered index/index.html.haml within layouts/application (15.8ms)
Completed 200 OK in 22ms (Views: 20.9ms | ActiveRecord: 0.0ms)


Started GET "/" for 127.0.0.1 at 2011-08-21 18:22:46 +0400
  Processing by IndexController#index as HTML
Rendered index/index.html.haml within layouts/application (15.5ms)
Completed 200 OK in 22ms (Views: 20.9ms | ActiveRecord: 0.0ms)


Started GET "/" for 127.0.0.1 at 2011-08-21 18:25:13 +0400
  Processing by IndexController#index as HTML
Rendered index/index.html.haml within layouts/application (14.4ms)
Completed 200 OK in 20ms (Views: 19.8ms | ActiveRecord: 0.0ms)


Started GET "/" for 127.0.0.1 at 2011-08-21 18:25:46 +0400
  Processing by IndexController#index as HTML
Rendered index/index.html.haml within layouts/application (13.5ms)
Completed 200 OK in 19ms (Views: 18.5ms | ActiveRecord: 0.0ms)


Started GET "/" for 127.0.0.1 at 2011-08-21 18:29:17 +0400
  Processing by IndexController#index as HTML
Rendered index/index.html.haml within layouts/application (13.4ms)
Completed 200 OK in 19ms (Views: 18.4ms | ActiveRecord: 0.0ms)


Started GET "/" for 127.0.0.1 at 2011-08-21 18:29:47 +0400
  Processing by IndexController#index as HTML
Rendered index/index.html.haml within layouts/application (13.7ms)
Completed 200 OK in 20ms (Views: 19.2ms | ActiveRecord: 0.0ms)
